<?xml version="1.0" encoding="UTF-8"?>
<!-- Generated by org.testng.reporters.JUnitReportReporter -->
<testsuite hostname="MacBook-Pro-Ihor.local" failures="0" tests="9" name="comFinmatic.DashboardTest" time="0.002" errors="1" timestamp="2023-05-08T20:22:29 EEST" skipped="8">
  <testcase classname="comFinmatic.DashboardTest" name="setUp" time="0.000">
    <error message="Cannot invoke &quot;String.equalsIgnoreCase(String)&quot; because &quot;environment&quot; is null" type="java.lang.NullPointerException">
      <![CDATA[java.lang.NullPointerException: Cannot invoke "String.equalsIgnoreCase(String)" because "environment" is null
at comFinmatic.SetupClassTest.setUp(SetupClassTest.java:24)
at java.base/jdk.internal.reflect.DirectMethodHandleAccessor.invoke(DirectMethodHandleAccessor.java:104)
at java.base/java.lang.reflect.Method.invoke(Method.java:578)
at org.testng.internal.MethodInvocationHelper.invokeMethod(MethodInvocationHelper.java:133)
at org.testng.internal.MethodInvocationHelper.invokeMethodConsideringTimeout(MethodInvocationHelper.java:62)
at org.testng.internal.ConfigInvoker.invokeConfigurationMethod(ConfigInvoker.java:385)
at org.testng.internal.ConfigInvoker.invokeConfigurations(ConfigInvoker.java:321)
at org.testng.internal.TestInvoker.runConfigMethods(TestInvoker.java:700)
at org.testng.internal.TestInvoker.invokeMethod(TestInvoker.java:527)
at org.testng.internal.TestInvoker.invokeTestMethod(TestInvoker.java:173)
at org.testng.internal.MethodRunner.runInSequence(MethodRunner.java:46)
at org.testng.internal.TestInvoker$MethodInvocationAgent.invoke(TestInvoker.java:824)
at org.testng.internal.TestInvoker.invokeTestMethods(TestInvoker.java:146)
at org.testng.internal.TestMethodWorker.invokeTestMethods(TestMethodWorker.java:146)
at org.testng.internal.TestMethodWorker.run(TestMethodWorker.java:128)
at java.base/java.util.ArrayList.forEach(ArrayList.java:1511)
at org.testng.TestRunner.privateRun(TestRunner.java:794)
at org.testng.TestRunner.run(TestRunner.java:596)
at org.testng.SuiteRunner.runTest(SuiteRunner.java:377)
at org.testng.SuiteRunner.runSequentially(SuiteRunner.java:371)
at org.testng.SuiteRunner.privateRun(SuiteRunner.java:332)
at org.testng.SuiteRunner.run(SuiteRunner.java:276)
at org.testng.SuiteRunnerWorker.runSuite(SuiteRunnerWorker.java:53)
at org.testng.SuiteRunnerWorker.run(SuiteRunnerWorker.java:96)
at org.testng.TestNG.runSuitesSequentially(TestNG.java:1212)
at org.testng.TestNG.runSuitesLocally(TestNG.java:1134)
at org.testng.TestNG.runSuites(TestNG.java:1063)
at org.testng.TestNG.run(TestNG.java:1031)
at org.apache.maven.surefire.testng.TestNGExecutor.run(TestNGExecutor.java:77)
at org.apache.maven.surefire.testng.TestNGDirectoryTestSuite.executeMulti(TestNGDirectoryTestSuite.java:159)
at org.apache.maven.surefire.testng.TestNGDirectoryTestSuite.execute(TestNGDirectoryTestSuite.java:99)
at org.apache.maven.surefire.testng.TestNGProvider.invoke(TestNGProvider.java:106)
at java.base/jdk.internal.reflect.DirectMethodHandleAccessor.invoke(DirectMethodHandleAccessor.java:104)
at java.base/java.lang.reflect.Method.invoke(Method.java:578)
at org.apache.maven.surefire.util.ReflectionUtils.invokeMethodWithArray(ReflectionUtils.java:189)
at org.apache.maven.surefire.booter.ProviderFactory$ProviderProxy.invoke(ProviderFactory.java:165)
at org.apache.maven.surefire.booter.ProviderFactory.invokeProvider(ProviderFactory.java:85)
at org.apache.maven.surefire.booter.ForkedBooter.runSuitesInProcess(ForkedBooter.java:115)
at org.apache.maven.surefire.booter.ForkedBooter.main(ForkedBooter.java:75)
]]>
    </error>
  </testcase> <!-- setUp -->
  <system-out/>
  <testcase classname="comFinmatic.DashboardTest" name="testCheckPersonalAccountCanSeeVerificationBtn" time="0.001">
    <skipped/>
  </testcase> <!-- testCheckPersonalAccountCanSeeVerificationBtn -->
  <system-out/>
  <testcase classname="comFinmatic.DashboardTest" name="testCheckBusinessAccountCanSeeVerificationBtn" time="0.000">
    <skipped/>
  </testcase> <!-- testCheckBusinessAccountCanSeeVerificationBtn -->
  <system-out/>
  <testcase classname="comFinmatic.DashboardTest" name="testCheckBusinessAccountCanCompleteVerification" time="0.000">
    <skipped/>
  </testcase> <!-- testCheckBusinessAccountCanCompleteVerification -->
  <system-out/>
  <testcase classname="comFinmatic.DashboardTest" name="testCheckBusinessAccountReceivesEmailSuccessfulActivation" time="0.001">
    <skipped/>
  </testcase> <!-- testCheckBusinessAccountReceivesEmailSuccessfulActivation -->
  <system-out/>
  <testcase classname="comFinmatic.DashboardTest" name="testCheckPersonalAccountCanCompleteVerification" time="0.000">
    <skipped/>
  </testcase> <!-- testCheckPersonalAccountCanCompleteVerification -->
  <system-out/>
  <testcase classname="comFinmatic.DashboardTest" name="testCheckPersonalAccountReceivesEmailSuccessfulActivation" time="0.000">
    <skipped/>
  </testcase> <!-- testCheckPersonalAccountReceivesEmailSuccessfulActivation -->
  <system-out/>
  <testcase classname="comFinmatic.DashboardTest" name="testCheckPersonalAccountCantAddPersonalAccount" time="0.000">
    <skipped/>
  </testcase> <!-- testCheckPersonalAccountCantAddPersonalAccount -->
  <system-out/>
  <testcase classname="comFinmatic.DashboardTest" name="testCheckBusinessAccountCanAddPersonalAsRepresentative" time="0.000">
    <skipped/>
  </testcase> <!-- testCheckBusinessAccountCanAddPersonalAsRepresentative -->
  <system-out/>
</testsuite> <!-- comFinmatic.DashboardTest -->
